<?xml version="1.0" encoding="UTF-8"?>
<testng-results ignored="0" total="8" passed="7" failed="1" skipped="0">
  <reporter-output>
  </reporter-output>
  <suite started-at="2023-07-25T12:42:14 IST" name="Default suite" finished-at="2023-07-25T12:43:55 IST" duration-ms="101453">
    <groups>
    </groups>
    <test started-at="2023-07-25T12:42:14 IST" name="Default test" finished-at="2023-07-25T12:43:55 IST" duration-ms="101453">
      <class name="com.qa.base.Project">
        <test-method is-config="true" signature="setUp()[pri:0, instance:com.qa.base.Project@4d5650ae]" started-at="2023-07-25T12:42:14 IST" name="setUp" finished-at="2023-07-25T12:43:36 IST" duration-ms="82185" status="PASS">
          <reporter-output>
          </reporter-output>
        </test-method> <!-- setUp -->
        <test-method signature="linktest()[pri:0, instance:com.qa.base.Project@4d5650ae]" started-at="2023-07-25T12:43:36 IST" name="linktest" finished-at="2023-07-25T12:43:45 IST" duration-ms="8997" status="PASS">
          <reporter-output>
          </reporter-output>
        </test-method> <!-- linktest -->
        <test-method signature="userName()[pri:1, instance:com.qa.base.Project@4d5650ae]" started-at="2023-07-25T12:43:45 IST" name="userName" finished-at="2023-07-25T12:43:50 IST" duration-ms="5019" status="PASS">
          <reporter-output>
          </reporter-output>
        </test-method> <!-- userName -->
        <test-method signature="passWord()[pri:2, instance:com.qa.base.Project@4d5650ae]" started-at="2023-07-25T12:43:50 IST" name="passWord" finished-at="2023-07-25T12:43:51 IST" duration-ms="653" status="PASS">
          <reporter-output>
          </reporter-output>
        </test-method> <!-- passWord -->
        <test-method signature="teXtcom()[pri:3, instance:com.qa.base.Project@4d5650ae]" started-at="2023-07-25T12:43:51 IST" name="teXtcom" finished-at="2023-07-25T12:43:51 IST" duration-ms="226" status="PASS">
          <reporter-output>
          </reporter-output>
        </test-method> <!-- teXtcom -->
        <test-method signature="textcmt()[pri:4, instance:com.qa.base.Project@4d5650ae]" started-at="2023-07-25T12:43:51 IST" name="textcmt" finished-at="2023-07-25T12:43:51 IST" duration-ms="546" status="PASS">
          <reporter-output>
          </reporter-output>
        </test-method> <!-- textcmt -->
        <test-method signature="dropdown()[pri:5, instance:com.qa.base.Project@4d5650ae]" started-at="2023-07-25T12:43:51 IST" name="dropdown" finished-at="2023-07-25T12:43:51 IST" duration-ms="127" status="FAIL">
          <exception class="java.lang.UnsupportedOperationException">
            <message>
              <![CDATA[You may only deselect options of a multi-select]]>
            </message>
            <full-stacktrace>
              <![CDATA[java.lang.UnsupportedOperationException: You may only deselect options of a multi-select
at org.openqa.selenium.support.ui.Select.deselectByIndex(Select.java:252)
at com.qa.base.Project.dropdown(Project.java:63)
at java.base/jdk.internal.reflect.NativeMethodAccessorImpl.invoke0(Native Method)
at java.base/jdk.internal.reflect.NativeMethodAccessorImpl.invoke(NativeMethodAccessorImpl.java:77)
at java.base/jdk.internal.reflect.DelegatingMethodAccessorImpl.invoke(DelegatingMethodAccessorImpl.java:43)
at java.base/java.lang.reflect.Method.invoke(Method.java:568)
at org.testng.internal.invokers.MethodInvocationHelper.invokeMethod(MethodInvocationHelper.java:139)
at org.testng.internal.invokers.TestInvoker.invokeMethod(TestInvoker.java:677)
at org.testng.internal.invokers.TestInvoker.invokeTestMethod(TestInvoker.java:221)
at org.testng.internal.invokers.MethodRunner.runInSequence(MethodRunner.java:50)
at org.testng.internal.invokers.TestInvoker$MethodInvocationAgent.invoke(TestInvoker.java:969)
at org.testng.internal.invokers.TestInvoker.invokeTestMethods(TestInvoker.java:194)
at org.testng.internal.invokers.TestMethodWorker.invokeTestMethods(TestMethodWorker.java:148)
at org.testng.internal.invokers.TestMethodWorker.run(TestMethodWorker.java:128)
at java.base/java.util.ArrayList.forEach(ArrayList.java:1511)
at org.testng.TestRunner.privateRun(TestRunner.java:829)
at org.testng.TestRunner.run(TestRunner.java:602)
at org.testng.SuiteRunner.runTest(SuiteRunner.java:437)
at org.testng.SuiteRunner.runSequentially(SuiteRunner.java:431)
at org.testng.SuiteRunner.privateRun(SuiteRunner.java:391)
at org.testng.SuiteRunner.run(SuiteRunner.java:330)
at org.testng.SuiteRunnerWorker.runSuite(SuiteRunnerWorker.java:52)
at org.testng.SuiteRunnerWorker.run(SuiteRunnerWorker.java:95)
at org.testng.TestNG.runSuitesSequentially(TestNG.java:1256)
at org.testng.TestNG.runSuitesLocally(TestNG.java:1176)
at org.testng.TestNG.runSuites(TestNG.java:1099)
at org.testng.TestNG.run(TestNG.java:1067)
at org.testng.remote.AbstractRemoteTestNG.run(AbstractRemoteTestNG.java:115)
at org.testng.remote.RemoteTestNG.initAndRun(RemoteTestNG.java:251)
at org.testng.remote.RemoteTestNG.main(RemoteTestNG.java:77)
]]>
            </full-stacktrace>
          </exception> <!-- java.lang.UnsupportedOperationException -->
          <reporter-output>
          </reporter-output>
        </test-method> <!-- dropdown -->
        <test-method signature="checkbox()[pri:7, instance:com.qa.base.Project@4d5650ae]" started-at="2023-07-25T12:43:51 IST" name="checkbox" finished-at="2023-07-25T12:43:55 IST" duration-ms="3470" status="PASS">
          <reporter-output>
          </reporter-output>
        </test-method> <!-- checkbox -->
        <test-method signature="radiobutton()[pri:8, instance:com.qa.base.Project@4d5650ae]" started-at="2023-07-25T12:43:55 IST" name="radiobutton" finished-at="2023-07-25T12:43:55 IST" duration-ms="107" status="PASS">
          <reporter-output>
          </reporter-output>
        </test-method> <!-- radiobutton -->
        <test-method is-config="true" signature="teardown()[pri:0, instance:com.qa.base.Project@4d5650ae]" started-at="2023-07-25T12:43:55 IST" name="teardown" finished-at="2023-07-25T12:43:55 IST" duration-ms="0" status="PASS">
          <reporter-output>
          </reporter-output>
        </test-method> <!-- teardown -->
      </class> <!-- com.qa.base.Project -->
    </test> <!-- Default test -->
  </suite> <!-- Default suite -->
</testng-results>
